Setting seed to:  1
Dataset size: 10000
Loaded clips from /home/xavier/Projects/MasterCV/C6_Lab/Week5/dataset/SoccerNet/SN-BAS-2025/output_base/splits/LEN50SPLITtrain
data/soccernetball/train.json : 4 videos, 576615 frames
Loaded clips from /home/xavier/Projects/MasterCV/C6_Lab/Week5/dataset/SoccerNet/SN-BAS-2025/output_base/splits/LEN50SPLITval
data/soccernetball/val.json : 1 videos, 146892 frames
data/soccernetball/val.json : 1 videos, 146892 frames (2 stride)
data/soccernetball/test.json : 2 videos, 298653 frames (2 stride)
Datasets have been loaded from previous versions correctly!
Model params: 2970681
Using Linear Warmup (3) + Cosine Annealing LR (17)
START TRAINING EPOCHS
[Epoch 0] Train loss: 1.88264 Val loss: 0.91971  Val ap: 0.00372
New best mAP epoch!
[Epoch 1] Train loss: 0.61796 Val loss: 0.50645  Val ap: 0.00000
[Epoch 2] Train loss: 0.50288 Val loss: 0.45407  Val ap: 0.00821
New best mAP epoch!
[Epoch 3] Train loss: 0.49037 Val loss: 0.46125  Val ap: 0.00873
New best mAP epoch!
[Epoch 4] Train loss: 0.49151 Val loss: 0.46975  Val ap: 0.00622
[Epoch 5] Train loss: 0.48808 Val loss: 0.46015  Val ap: 0.00682
[Epoch 6] Train loss: 0.47860 Val loss: 0.46155  Val ap: 0.00701
