wandb: Using wandb-core as the SDK backend.  Please refer to https://wandb.me/wandb-core for more information.
wandb: Currently logged in as: xavier-mico-perez (mcv-c6g7) to https://api.wandb.ai. Use `wandb login --relogin` to force relogin
wandb: Tracking run with wandb version 0.19.8
wandb: Run data is saved locally in /home/xavier/Projects/MasterCV/C6_Lab/Week7/Exp1_NetVLADpp_regnet8/wandb/run-20250422_102847-b2x1xqd2
wandb: Run `wandb offline` to turn off syncing.
wandb: Syncing run NetVLADpp_regnet8
wandb: ⭐️ View project at https://wandb.ai/mcv-c6g7/Week7_NetVLADpp_TPNR50
wandb: 🚀 View run at https://wandb.ai/mcv-c6g7/Week7_NetVLADpp_TPNR50/runs/b2x1xqd2
  0%|          | 0/2500 [00:00<?, ?it/s]  0%|          | 0/2500 [00:01<?, ?it/s]
Traceback (most recent call last):
  File "/home/xavier/Projects/MasterCV/C6_Lab/Week7/Exp1_NetVLADpp_regnet8/main_spotting_vn++.py", line 267, in <module>
    main(get_args())
  File "/home/xavier/Projects/MasterCV/C6_Lab/Week7/Exp1_NetVLADpp_regnet8/main_spotting_vn++.py", line 264, in main
    run_training(args, trial=None)
  File "/home/xavier/Projects/MasterCV/C6_Lab/Week7/Exp1_NetVLADpp_regnet8/main_spotting_vn++.py", line 151, in run_training
    train_loss = model.epoch(
  File "/home/xavier/Projects/MasterCV/C6_Lab/Week7/Exp1_NetVLADpp_regnet8/model/model_spotting_vnpp.py", line 192, in epoch
    labels_flat = label.view(B * T)          # (B*T,)
RuntimeError: shape '[200]' is invalid for input of size 4
srun: error: xavier-PC: task 0: Exited with exit code 1
