wandb: Using wandb-core as the SDK backend.  Please refer to https://wandb.me/wandb-core for more information.
wandb: Currently logged in as: xavier-mico-perez (mcv-c6g7) to https://api.wandb.ai. Use `wandb login --relogin` to force relogin
wandb: Tracking run with wandb version 0.19.8
wandb: Run data is saved locally in /home/xavier/Projects/MasterCV/C6_Lab/Week7/Exp1_NetVLADpp_regnet8/wandb/run-20250422_101023-1hmwn518
wandb: Run `wandb offline` to turn off syncing.
wandb: Syncing run NetVLADpp_regnet8
wandb: ⭐️ View project at https://wandb.ai/mcv-c6g7/Week7_NetVLADpp_TPNR50
wandb: 🚀 View run at https://wandb.ai/mcv-c6g7/Week7_NetVLADpp_TPNR50/runs/1hmwn518
Traceback (most recent call last):
  File "/home/xavier/Projects/MasterCV/C6_Lab/Week7/Exp1_NetVLADpp_regnet8/main_spotting_vn++.py", line 267, in <module>
    main(get_args())
  File "/home/xavier/Projects/MasterCV/C6_Lab/Week7/Exp1_NetVLADpp_regnet8/main_spotting_vn++.py", line 264, in main
    run_training(args, trial=None)
  File "/home/xavier/Projects/MasterCV/C6_Lab/Week7/Exp1_NetVLADpp_regnet8/main_spotting_vn++.py", line 129, in run_training
    model = Model(args=args)
  File "/home/xavier/Projects/MasterCV/C6_Lab/Week7/Exp1_NetVLADpp_regnet8/model/model_spotting_vnpp.py", line 148, in __init__
    self._model = Model.Impl(args=args)
  File "/home/xavier/Projects/MasterCV/C6_Lab/Week7/Exp1_NetVLADpp_regnet8/model/model_spotting_vnpp.py", line 75, in __init__
    self._features = features
UnboundLocalError: local variable 'features' referenced before assignment
srun: error: xavier-PC: task 0: Exited with exit code 1
