Namespace(model='TCN_r50', seed=1, early_stopping=False, optuna=False, use_tpn=True)
Namespace(model='TCN_r50', seed=1, early_stopping=False, optuna=False, use_tpn=True)
Setting seed to:  1
Dataset size: 10000
Loaded clips from /home/xavier/Projects/MasterCV/C6_Lab/Week5/dataset/SoccerNet/SN-BAS-2025/output_base/splits/LEN50SPLITtrain
data/soccernetball/train.json : 4 videos, 576615 frames
Loaded clips from /home/xavier/Projects/MasterCV/C6_Lab/Week5/dataset/SoccerNet/SN-BAS-2025/output_base/splits/LEN50SPLITval
data/soccernetball/val.json : 1 videos, 146892 frames
data/soccernetball/val.json : 1 videos, 146892 frames (2 stride)
data/soccernetball/test.json : 2 videos, 298653 frames (2 stride)
Datasets have been loaded from previous versions correctly!
Model params: 24327687
Using Linear Warmup (3) + Cosine Annealing LR (17)
START TRAINING EPOCHS
[Epoch 0] Train loss: 0.76931 Val loss: 0.49236 Val ap: 0.00000
New best mAP epoch!
[Epoch 1] Train loss: 0.51921 Val loss: 0.53912 Val ap: 0.00899
New best mAP epoch!
[Epoch 2] Train loss: 0.50016 Val loss: 0.45805 Val ap: 0.01178
New best mAP epoch!
[Epoch 3] Train loss: 0.49425 Val loss: 0.46687 Val ap: 0.01253
New best mAP epoch!
[Epoch 4] Train loss: 0.49457 Val loss: 0.47012 Val ap: 0.01288
New best mAP epoch!
[Epoch 5] Train loss: 0.48656 Val loss: 0.45214 Val ap: 0.03263
New best mAP epoch!
[Epoch 6] Train loss: 0.47081 Val loss: 0.44967 Val ap: 0.04433
New best mAP epoch!
[Epoch 7] Train loss: 0.46743 Val loss: 0.43278 Val ap: 0.04293
[Epoch 8] Train loss: 0.46551 Val loss: 0.44018 Val ap: 0.05330
New best mAP epoch!
[Epoch 9] Train loss: 0.45944 Val loss: 0.45430 Val ap: 0.04345
[Epoch 10] Train loss: 0.46120 Val loss: 0.43527 Val ap: 0.04443
[Epoch 11] Train loss: 0.44814 Val loss: 0.43796 Val ap: 0.04060
[Epoch 12] Train loss: 0.44532 Val loss: 0.41916 Val ap: 0.04289
[Epoch 13] Train loss: 0.45519 Val loss: 0.42243 Val ap: 0.04033
[Epoch 14] Train loss: 0.44863 Val loss: 0.46671 Val ap: 0.04027
[Epoch 15] Train loss: 0.44982 Val loss: 0.54781 Val ap: 0.04098
[Epoch 16] Train loss: 0.43691 Val loss: 0.45561 Val ap: 0.04264
[Epoch 17] Train loss: 0.44880 Val loss: 0.43987 Val ap: 0.04064
[Epoch 18] Train loss: 0.44673 Val loss: nan Val ap: 0.00000
[Epoch 19] Train loss: 0.45321 Val loss: 0.46057 Val ap: 0.03634
START INFERENCE
+--------------------------+---------------------+
| Class                    |   Average Precision |
+==========================+=====================+
| PASS                     |               19.31 |
+--------------------------+---------------------+
| DRIVE                    |               18.16 |
+--------------------------+---------------------+
| HEADER                   |                2.27 |
+--------------------------+---------------------+
| HIGH PASS                |               19.19 |
+--------------------------+---------------------+
| OUT                      |                0    |
+--------------------------+---------------------+
| CROSS                    |                0.76 |
+--------------------------+---------------------+
| THROW IN                 |                0.72 |
+--------------------------+---------------------+
| SHOT                     |                0    |
+--------------------------+---------------------+
| BALL PLAYER BLOCK        |                0    |
+--------------------------+---------------------+
| PLAYER SUCCESSFUL TACKLE |                0    |
+--------------------------+---------------------+
| FREE KICK                |                0    |
+--------------------------+---------------------+
| GOAL                     |                0    |
+--------------------------+---------------------+
+------+---------------------+
|      |   Average Precision |
+======+=====================+
| Mean |                5.03 |
+------+---------------------+
CORRECTLY FINISHED TRAINING AND INFERENCE
==================================================================================================================================
Layer (type:depth-idx)                                  Output Shape              Param #                   Mult-Adds
==================================================================================================================================
Model                                                   [4, 50, 13]               --                        --
├─Impl: 1-1                                             [4, 50, 13]               --                        --
│    └─TPN_R50: 2-1                                     [4, 50, 126]              1,524                     --
│    │    └─FeatureListNet: 3-1                         [200, 64, 112, 199]       (23,508,032)              1,469,583,948,800
│    │    └─SimpleTPN: 3-2                              [4, 126, 14, 25]          673,218                   675,036,936
│    │    └─SimpleTPN: 3-3                              [4, 126, 14, 25]          (recursive)               675,036,936
│    │    └─SimpleTPN: 3-4                              [4, 126, 14, 25]          (recursive)               675,036,936
│    │    └─SimpleTPN: 3-5                              [4, 126, 14, 25]          (recursive)               675,036,936
│    │    └─SimpleTPN: 3-6                              [4, 126, 14, 25]          (recursive)               675,036,936
│    │    └─SimpleTPN: 3-7                              [4, 126, 14, 25]          (recursive)               675,036,936
│    │    └─SimpleTPN: 3-8                              [4, 126, 14, 25]          (recursive)               675,036,936
│    │    └─SimpleTPN: 3-9                              [4, 126, 14, 25]          (recursive)               675,036,936
│    │    └─SimpleTPN: 3-10                             [4, 126, 14, 25]          (recursive)               675,036,936
│    │    └─SimpleTPN: 3-11                             [4, 126, 14, 25]          (recursive)               675,036,936
│    │    └─SimpleTPN: 3-12                             [4, 126, 14, 25]          (recursive)               675,036,936
│    │    └─SimpleTPN: 3-13                             [4, 126, 14, 25]          (recursive)               675,036,936
│    │    └─SimpleTPN: 3-14                             [4, 126, 14, 25]          (recursive)               675,036,936
│    │    └─SimpleTPN: 3-15                             [4, 126, 14, 25]          (recursive)               675,036,936
│    │    └─SimpleTPN: 3-16                             [4, 126, 14, 25]          (recursive)               675,036,936
│    │    └─SimpleTPN: 3-17                             [4, 126, 14, 25]          (recursive)               675,036,936
│    │    └─SimpleTPN: 3-18                             [4, 126, 14, 25]          (recursive)               675,036,936
│    │    └─SimpleTPN: 3-19                             [4, 126, 14, 25]          (recursive)               675,036,936
│    │    └─SimpleTPN: 3-20                             [4, 126, 14, 25]          (recursive)               675,036,936
│    │    └─SimpleTPN: 3-21                             [4, 126, 14, 25]          (recursive)               675,036,936
│    │    └─SimpleTPN: 3-22                             [4, 126, 14, 25]          (recursive)               675,036,936
│    │    └─SimpleTPN: 3-23                             [4, 126, 14, 25]          (recursive)               675,036,936
│    │    └─SimpleTPN: 3-24                             [4, 126, 14, 25]          (recursive)               675,036,936
│    │    └─SimpleTPN: 3-25                             [4, 126, 14, 25]          (recursive)               675,036,936
│    │    └─SimpleTPN: 3-26                             [4, 126, 14, 25]          (recursive)               675,036,936
│    │    └─SimpleTPN: 3-27                             [4, 126, 14, 25]          (recursive)               675,036,936
│    │    └─SimpleTPN: 3-28                             [4, 126, 14, 25]          (recursive)               675,036,936
│    │    └─SimpleTPN: 3-29                             [4, 126, 14, 25]          (recursive)               675,036,936
│    │    └─SimpleTPN: 3-30                             [4, 126, 14, 25]          (recursive)               675,036,936
│    │    └─SimpleTPN: 3-31                             [4, 126, 14, 25]          (recursive)               675,036,936
│    │    └─SimpleTPN: 3-32                             [4, 126, 14, 25]          (recursive)               675,036,936
│    │    └─SimpleTPN: 3-33                             [4, 126, 14, 25]          (recursive)               675,036,936
│    │    └─SimpleTPN: 3-34                             [4, 126, 14, 25]          (recursive)               675,036,936
│    │    └─SimpleTPN: 3-35                             [4, 126, 14, 25]          (recursive)               675,036,936
│    │    └─SimpleTPN: 3-36                             [4, 126, 14, 25]          (recursive)               675,036,936
│    │    └─SimpleTPN: 3-37                             [4, 126, 14, 25]          (recursive)               675,036,936
│    │    └─SimpleTPN: 3-38                             [4, 126, 14, 25]          (recursive)               675,036,936
│    │    └─SimpleTPN: 3-39                             [4, 126, 14, 25]          (recursive)               675,036,936
│    │    └─SimpleTPN: 3-40                             [4, 126, 14, 25]          (recursive)               675,036,936
│    │    └─SimpleTPN: 3-41                             [4, 126, 14, 25]          (recursive)               675,036,936
│    │    └─SimpleTPN: 3-42                             [4, 126, 14, 25]          (recursive)               675,036,936
│    │    └─SimpleTPN: 3-43                             [4, 126, 14, 25]          (recursive)               675,036,936
│    │    └─SimpleTPN: 3-44                             [4, 126, 14, 25]          (recursive)               675,036,936
│    │    └─SimpleTPN: 3-45                             [4, 126, 14, 25]          (recursive)               675,036,936
│    │    └─SimpleTPN: 3-46                             [4, 126, 14, 25]          (recursive)               675,036,936
│    │    └─SimpleTPN: 3-47                             [4, 126, 14, 25]          (recursive)               675,036,936
│    │    └─SimpleTPN: 3-48                             [4, 126, 14, 25]          (recursive)               675,036,936
│    │    └─SimpleTPN: 3-49                             [4, 126, 14, 25]          (recursive)               675,036,936
│    │    └─SimpleTPN: 3-50                             [4, 126, 14, 25]          (recursive)               675,036,936
│    │    └─SimpleTPN: 3-51                             [4, 126, 14, 25]          (recursive)               675,036,936
│    └─TCNAggregator: 2-2                               [4, 50, 126]              --                        --
│    │    └─AvgPool1d: 3-52                             [4, 126, 22]              --                        --
│    │    └─Sequential: 3-53                            [4, 126, 22]              143,262                   12,607,056
│    └─FCLayers: 2-3                                    [4, 50, 13]               --                        --
│    │    └─Dropout: 3-54                               [200, 126]                --                        --
│    │    └─Linear: 3-55                                [200, 13]                 1,651                     330,200
==================================================================================================================================
Total params: 24,327,687
Trainable params: 819,655
Non-trainable params: 23,508,032
Total mult-adds (T): 1.50
==================================================================================================================================
Input size (MB): 213.96
Forward/backward pass size (MB): 63765.72
Params size (MB): 97.30
Estimated Total Size (MB): 64076.99
==================================================================================================================================
